[07/21/14 16:40:09] [INFO] Reading configuration file ngrok.yml
[07/21/14 16:40:09] [INFO] [client] Trusting root CAs: [assets/client/tls/ngrokroot.crt]
[07/21/14 16:40:09] [INFO] [view] [web] Serving web interface on 127.0.0.1:4040
[07/21/14 16:40:09] [INFO] Checking for update
[07/21/14 16:40:09] [DEBG] [ctl:40897de1] New connection to: 96.126.125.171:443
[07/21/14 16:40:09] [DEBG] [ctl:40897de1] Writing message: {"Type":"Auth","Payload":{"Version":"2","MmVersion":"1.7","User":"ryf3UjhkMR0kMlbnn77J","Password":"","OS":"darwin","Arch":"amd64","ClientId":""}}
[07/21/14 16:40:09] [DEBG] [ctl:40897de1] Waiting to read message
[07/21/14 16:40:10] [DEBG] [ctl:40897de1] Reading message with length: 120
[07/21/14 16:40:10] [DEBG] [ctl:40897de1] Read message {"Type":"AuthResp","Payload":{"Version":"2","MmVersion":"1.6","ClientId":"0852582ce2171f4cfa886a8167f740ff","Error":""}}
[07/21/14 16:40:10] [INFO] [client] Authenticated with server, client id: 0852582ce2171f4cfa886a8167f740ff
[07/21/14 16:40:10] [DEBG] [ctl:40897de1] Writing message: {"Type":"ReqTunnel","Payload":{"ReqId":"bffe4a5b378d215e","Protocol":"http","Hostname":"","Subdomain":"flubit-bartek","HttpAuth":"","RemotePort":0}}
[07/21/14 16:40:10] [DEBG] [ctl:40897de1] Waiting to read message
[07/21/14 16:40:10] [DEBG] [ctl:40897de1] Reading message with length: 32
[07/21/14 16:40:10] [DEBG] [ctl:40897de1] Read message {"Type":"ReqProxy","Payload":{}}
[07/21/14 16:40:10] [DEBG] [ctl:40897de1] Waiting to read message
[07/21/14 16:40:10] [DEBG] [pxy:4def8058] New connection to: 96.126.125.171:443
[07/21/14 16:40:10] [DEBG] [pxy:4def8058] Writing message: {"Type":"RegProxy","Payload":{"ClientId":"0852582ce2171f4cfa886a8167f740ff"}}
[07/21/14 16:40:10] [INFO] No update available
[07/21/14 16:40:10] [DEBG] [ctl:40897de1] Reading message with length: 127
[07/21/14 16:40:10] [DEBG] [ctl:40897de1] Read message {"Type":"NewTunnel","Payload":{"ReqId":"bffe4a5b378d215e","Url":"http://flubit-bartek.ngrok.com","Protocol":"http","Error":""}}
[07/21/14 16:40:10] [INFO] [client] Tunnel established at http://flubit-bartek.ngrok.com
[07/21/14 16:40:10] [DEBG] [ctl:40897de1] Waiting to read message
[07/21/14 16:40:10] [DEBG] [pxy:4def8058] Waiting to read message
[07/21/14 16:40:30] [DEBG] [ctl:40897de1] Writing message: {"Type":"Ping","Payload":{}}
[07/21/14 16:40:30] [DEBG] [ctl:40897de1] Reading message with length: 28
[07/21/14 16:40:30] [DEBG] [ctl:40897de1] Read message {"Type":"Pong","Payload":{}}
[07/21/14 16:40:30] [DEBG] [ctl:40897de1] Waiting to read message
[07/21/14 16:40:50] [DEBG] [ctl:40897de1] Writing message: {"Type":"Ping","Payload":{}}
[07/21/14 16:40:50] [DEBG] [ctl:40897de1] Reading message with length: 28
[07/21/14 16:40:50] [DEBG] [ctl:40897de1] Read message {"Type":"Pong","Payload":{}}
[07/21/14 16:40:50] [DEBG] [ctl:40897de1] Waiting to read message
[07/21/14 16:41:10] [DEBG] [ctl:40897de1] Writing message: {"Type":"Ping","Payload":{}}
[07/21/14 16:41:10] [DEBG] [ctl:40897de1] Reading message with length: 28
[07/21/14 16:41:10] [DEBG] [ctl:40897de1] Read message {"Type":"Pong","Payload":{}}
[07/21/14 16:41:10] [DEBG] [ctl:40897de1] Waiting to read message
[07/21/14 16:41:30] [DEBG] [ctl:40897de1] Writing message: {"Type":"Ping","Payload":{}}
[07/21/14 16:41:30] [DEBG] [ctl:40897de1] Reading message with length: 28
[07/21/14 16:41:30] [DEBG] [ctl:40897de1] Read message {"Type":"Pong","Payload":{}}
[07/21/14 16:41:30] [DEBG] [ctl:40897de1] Waiting to read message
[07/21/14 16:41:50] [DEBG] [ctl:40897de1] Writing message: {"Type":"Ping","Payload":{}}
[07/21/14 16:41:50] [DEBG] [ctl:40897de1] Reading message with length: 28
[07/21/14 16:41:50] [DEBG] [ctl:40897de1] Read message {"Type":"Pong","Payload":{}}
[07/21/14 16:41:50] [DEBG] [ctl:40897de1] Waiting to read message
[07/21/14 16:42:10] [DEBG] [ctl:40897de1] Writing message: {"Type":"Ping","Payload":{}}
[07/21/14 16:42:10] [DEBG] [ctl:40897de1] Reading message with length: 28
[07/21/14 16:42:10] [DEBG] [ctl:40897de1] Read message {"Type":"Pong","Payload":{}}
[07/21/14 16:42:10] [DEBG] [ctl:40897de1] Waiting to read message
[07/21/14 16:42:30] [DEBG] [ctl:40897de1] Writing message: {"Type":"Ping","Payload":{}}
[07/21/14 16:42:30] [DEBG] [ctl:40897de1] Reading message with length: 28
[07/21/14 16:42:30] [DEBG] [ctl:40897de1] Read message {"Type":"Pong","Payload":{}}
[07/21/14 16:42:30] [DEBG] [ctl:40897de1] Waiting to read message
[07/21/14 16:42:50] [DEBG] [ctl:40897de1] Writing message: {"Type":"Ping","Payload":{}}
[07/21/14 16:42:50] [DEBG] [ctl:40897de1] Reading message with length: 28
[07/21/14 16:42:50] [DEBG] [ctl:40897de1] Read message {"Type":"Pong","Payload":{}}
[07/21/14 16:42:50] [DEBG] [ctl:40897de1] Waiting to read message
[07/21/14 16:43:10] [DEBG] [ctl:40897de1] Writing message: {"Type":"Ping","Payload":{}}
[07/21/14 16:43:10] [DEBG] [ctl:40897de1] Reading message with length: 28
[07/21/14 16:43:10] [DEBG] [ctl:40897de1] Read message {"Type":"Pong","Payload":{}}
[07/21/14 16:43:10] [DEBG] [ctl:40897de1] Waiting to read message
[07/21/14 16:43:30] [DEBG] [ctl:40897de1] Writing message: {"Type":"Ping","Payload":{}}
[07/21/14 16:43:32] [DEBG] [ctl:40897de1] Reading message with length: 28
[07/21/14 16:43:32] [DEBG] [ctl:40897de1] Read message {"Type":"Pong","Payload":{}}
[07/21/14 16:43:32] [DEBG] [ctl:40897de1] Waiting to read message
[07/21/14 16:43:50] [DEBG] [ctl:40897de1] Writing message: {"Type":"Ping","Payload":{}}
[07/21/14 16:43:50] [DEBG] [ctl:40897de1] Reading message with length: 28
[07/21/14 16:43:50] [DEBG] [ctl:40897de1] Read message {"Type":"Pong","Payload":{}}
[07/21/14 16:43:50] [DEBG] [ctl:40897de1] Waiting to read message
[07/21/14 16:44:10] [DEBG] [ctl:40897de1] Writing message: {"Type":"Ping","Payload":{}}
[07/21/14 16:44:10] [DEBG] [ctl:40897de1] Reading message with length: 28
[07/21/14 16:44:10] [DEBG] [ctl:40897de1] Read message {"Type":"Pong","Payload":{}}
[07/21/14 16:44:10] [DEBG] [ctl:40897de1] Waiting to read message
[07/21/14 16:44:30] [DEBG] [ctl:40897de1] Writing message: {"Type":"Ping","Payload":{}}
[07/21/14 16:44:30] [DEBG] [ctl:40897de1] Reading message with length: 28
[07/21/14 16:44:30] [DEBG] [ctl:40897de1] Read message {"Type":"Pong","Payload":{}}
[07/21/14 16:44:30] [DEBG] [ctl:40897de1] Waiting to read message
[07/21/14 16:44:50] [DEBG] [ctl:40897de1] Writing message: {"Type":"Ping","Payload":{}}
[07/21/14 16:44:50] [DEBG] [ctl:40897de1] Reading message with length: 28
[07/21/14 16:44:50] [DEBG] [ctl:40897de1] Read message {"Type":"Pong","Payload":{}}
[07/21/14 16:44:50] [DEBG] [ctl:40897de1] Waiting to read message
[07/21/14 16:45:10] [DEBG] [ctl:40897de1] Writing message: {"Type":"Ping","Payload":{}}
[07/21/14 16:45:10] [DEBG] [ctl:40897de1] Reading message with length: 28
[07/21/14 16:45:10] [DEBG] [ctl:40897de1] Read message {"Type":"Pong","Payload":{}}
[07/21/14 16:45:10] [DEBG] [ctl:40897de1] Waiting to read message
[07/21/14 16:45:30] [DEBG] [ctl:40897de1] Writing message: {"Type":"Ping","Payload":{}}
[07/21/14 16:45:30] [DEBG] [ctl:40897de1] Reading message with length: 28
[07/21/14 16:45:30] [DEBG] [ctl:40897de1] Read message {"Type":"Pong","Payload":{}}
[07/21/14 16:45:30] [DEBG] [ctl:40897de1] Waiting to read message
[07/21/14 16:45:50] [DEBG] [ctl:40897de1] Writing message: {"Type":"Ping","Payload":{}}
[07/21/14 16:45:50] [DEBG] [ctl:40897de1] Reading message with length: 28
[07/21/14 16:45:50] [DEBG] [ctl:40897de1] Read message {"Type":"Pong","Payload":{}}
[07/21/14 16:45:50] [DEBG] [ctl:40897de1] Waiting to read message
[07/21/14 16:46:10] [DEBG] [ctl:40897de1] Writing message: {"Type":"Ping","Payload":{}}
[07/21/14 16:46:10] [DEBG] [ctl:40897de1] Reading message with length: 28
[07/21/14 16:46:10] [DEBG] [ctl:40897de1] Read message {"Type":"Pong","Payload":{}}
[07/21/14 16:46:10] [DEBG] [ctl:40897de1] Waiting to read message
[07/21/14 16:46:30] [DEBG] [ctl:40897de1] Writing message: {"Type":"Ping","Payload":{}}
[07/21/14 16:46:30] [DEBG] [ctl:40897de1] Reading message with length: 28
[07/21/14 16:46:30] [DEBG] [ctl:40897de1] Read message {"Type":"Pong","Payload":{}}
[07/21/14 16:46:30] [DEBG] [ctl:40897de1] Waiting to read message
[07/21/14 16:46:50] [DEBG] [ctl:40897de1] Writing message: {"Type":"Ping","Payload":{}}
[07/21/14 16:46:50] [DEBG] [ctl:40897de1] Reading message with length: 28
[07/21/14 16:46:50] [DEBG] [ctl:40897de1] Read message {"Type":"Pong","Payload":{}}
[07/21/14 16:46:50] [DEBG] [ctl:40897de1] Waiting to read message
[07/21/14 16:47:10] [DEBG] [ctl:40897de1] Writing message: {"Type":"Ping","Payload":{}}
[07/21/14 16:47:10] [DEBG] [ctl:40897de1] Reading message with length: 28
[07/21/14 16:47:10] [DEBG] [ctl:40897de1] Read message {"Type":"Pong","Payload":{}}
[07/21/14 16:47:10] [DEBG] [ctl:40897de1] Waiting to read message
[07/21/14 16:47:30] [DEBG] [ctl:40897de1] Writing message: {"Type":"Ping","Payload":{}}
[07/21/14 16:47:30] [DEBG] [ctl:40897de1] Reading message with length: 28
[07/21/14 16:47:30] [DEBG] [ctl:40897de1] Read message {"Type":"Pong","Payload":{}}
[07/21/14 16:47:30] [DEBG] [ctl:40897de1] Waiting to read message
[07/21/14 16:47:50] [DEBG] [ctl:40897de1] Writing message: {"Type":"Ping","Payload":{}}
[07/21/14 16:47:50] [DEBG] [ctl:40897de1] Reading message with length: 28
[07/21/14 16:47:50] [DEBG] [ctl:40897de1] Read message {"Type":"Pong","Payload":{}}
[07/21/14 16:47:50] [DEBG] [ctl:40897de1] Waiting to read message
[07/21/14 16:48:10] [DEBG] [ctl:40897de1] Writing message: {"Type":"Ping","Payload":{}}
[07/21/14 16:48:10] [DEBG] [ctl:40897de1] Reading message with length: 28
[07/21/14 16:48:10] [DEBG] [ctl:40897de1] Read message {"Type":"Pong","Payload":{}}
[07/21/14 16:48:10] [DEBG] [ctl:40897de1] Waiting to read message
[07/21/14 16:48:30] [DEBG] [ctl:40897de1] Writing message: {"Type":"Ping","Payload":{}}
[07/21/14 16:48:30] [DEBG] [ctl:40897de1] Reading message with length: 28
[07/21/14 16:48:30] [DEBG] [ctl:40897de1] Read message {"Type":"Pong","Payload":{}}
[07/21/14 16:48:30] [DEBG] [ctl:40897de1] Waiting to read message
[07/21/14 16:48:50] [DEBG] [ctl:40897de1] Writing message: {"Type":"Ping","Payload":{}}
[07/21/14 16:48:50] [DEBG] [ctl:40897de1] Reading message with length: 28
[07/21/14 16:48:50] [DEBG] [ctl:40897de1] Read message {"Type":"Pong","Payload":{}}
[07/21/14 16:48:50] [DEBG] [ctl:40897de1] Waiting to read message
[07/21/14 16:49:10] [DEBG] [ctl:40897de1] Writing message: {"Type":"Ping","Payload":{}}
[07/21/14 16:49:10] [DEBG] [ctl:40897de1] Reading message with length: 28
[07/21/14 16:49:10] [DEBG] [ctl:40897de1] Read message {"Type":"Pong","Payload":{}}
[07/21/14 16:49:10] [DEBG] [ctl:40897de1] Waiting to read message
[07/21/14 16:49:30] [DEBG] [ctl:40897de1] Writing message: {"Type":"Ping","Payload":{}}
[07/21/14 16:49:30] [DEBG] [ctl:40897de1] Reading message with length: 28
[07/21/14 16:49:30] [DEBG] [ctl:40897de1] Read message {"Type":"Pong","Payload":{}}
[07/21/14 16:49:30] [DEBG] [ctl:40897de1] Waiting to read message
[07/21/14 16:49:50] [DEBG] [ctl:40897de1] Writing message: {"Type":"Ping","Payload":{}}
[07/21/14 16:49:50] [DEBG] [ctl:40897de1] Reading message with length: 28
[07/21/14 16:49:50] [DEBG] [ctl:40897de1] Read message {"Type":"Pong","Payload":{}}
[07/21/14 16:49:50] [DEBG] [ctl:40897de1] Waiting to read message
[07/21/14 16:50:10] [DEBG] [ctl:40897de1] Writing message: {"Type":"Ping","Payload":{}}
[07/21/14 16:50:10] [DEBG] [ctl:40897de1] Reading message with length: 28
[07/21/14 16:50:10] [DEBG] [ctl:40897de1] Read message {"Type":"Pong","Payload":{}}
[07/21/14 16:50:10] [DEBG] [ctl:40897de1] Waiting to read message
[07/21/14 16:50:30] [DEBG] [ctl:40897de1] Writing message: {"Type":"Ping","Payload":{}}
[07/21/14 16:50:30] [DEBG] [ctl:40897de1] Reading message with length: 28
[07/21/14 16:50:30] [DEBG] [ctl:40897de1] Read message {"Type":"Pong","Payload":{}}
[07/21/14 16:50:30] [DEBG] [ctl:40897de1] Waiting to read message
[07/21/14 16:50:50] [DEBG] [ctl:40897de1] Writing message: {"Type":"Ping","Payload":{}}
[07/21/14 16:50:50] [DEBG] [ctl:40897de1] Reading message with length: 28
[07/21/14 16:50:50] [DEBG] [ctl:40897de1] Read message {"Type":"Pong","Payload":{}}
[07/21/14 16:50:50] [DEBG] [ctl:40897de1] Waiting to read message
[07/21/14 16:51:10] [DEBG] [ctl:40897de1] Writing message: {"Type":"Ping","Payload":{}}
[07/21/14 16:51:10] [DEBG] [ctl:40897de1] Reading message with length: 28
[07/21/14 16:51:10] [DEBG] [ctl:40897de1] Read message {"Type":"Pong","Payload":{}}
[07/21/14 16:51:10] [DEBG] [ctl:40897de1] Waiting to read message
[07/21/14 16:51:30] [DEBG] [ctl:40897de1] Writing message: {"Type":"Ping","Payload":{}}
[07/21/14 16:51:30] [DEBG] [ctl:40897de1] Reading message with length: 28
[07/21/14 16:51:30] [DEBG] [ctl:40897de1] Read message {"Type":"Pong","Payload":{}}
[07/21/14 16:51:30] [DEBG] [ctl:40897de1] Waiting to read message
[07/21/14 16:51:50] [DEBG] [ctl:40897de1] Writing message: {"Type":"Ping","Payload":{}}
[07/21/14 16:51:50] [DEBG] [ctl:40897de1] Reading message with length: 28
[07/21/14 16:51:50] [DEBG] [ctl:40897de1] Read message {"Type":"Pong","Payload":{}}
[07/21/14 16:51:50] [DEBG] [ctl:40897de1] Waiting to read message
[07/21/14 16:52:10] [DEBG] [ctl:40897de1] Writing message: {"Type":"Ping","Payload":{}}
[07/21/14 16:52:10] [DEBG] [ctl:40897de1] Reading message with length: 28
[07/21/14 16:52:10] [DEBG] [ctl:40897de1] Read message {"Type":"Pong","Payload":{}}
[07/21/14 16:52:10] [DEBG] [ctl:40897de1] Waiting to read message
[07/21/14 16:52:30] [DEBG] [ctl:40897de1] Writing message: {"Type":"Ping","Payload":{}}
[07/21/14 16:52:30] [DEBG] [ctl:40897de1] Reading message with length: 28
[07/21/14 16:52:30] [DEBG] [ctl:40897de1] Read message {"Type":"Pong","Payload":{}}
[07/21/14 16:52:30] [DEBG] [ctl:40897de1] Waiting to read message
[07/21/14 16:52:50] [DEBG] [ctl:40897de1] Writing message: {"Type":"Ping","Payload":{}}
[07/21/14 16:52:50] [DEBG] [ctl:40897de1] Reading message with length: 28
[07/21/14 16:52:50] [DEBG] [ctl:40897de1] Read message {"Type":"Pong","Payload":{}}
[07/21/14 16:52:50] [DEBG] [ctl:40897de1] Waiting to read message
[07/21/14 16:53:10] [DEBG] [ctl:40897de1] Writing message: {"Type":"Ping","Payload":{}}
[07/21/14 16:53:10] [DEBG] [ctl:40897de1] Reading message with length: 28
[07/21/14 16:53:10] [DEBG] [ctl:40897de1] Read message {"Type":"Pong","Payload":{}}
[07/21/14 16:53:10] [DEBG] [ctl:40897de1] Waiting to read message
[07/21/14 16:53:30] [DEBG] [ctl:40897de1] Writing message: {"Type":"Ping","Payload":{}}
[07/21/14 16:53:30] [DEBG] [ctl:40897de1] Reading message with length: 28
[07/21/14 16:53:30] [DEBG] [ctl:40897de1] Read message {"Type":"Pong","Payload":{}}
[07/21/14 16:53:30] [DEBG] [ctl:40897de1] Waiting to read message
[07/21/14 16:53:50] [DEBG] [ctl:40897de1] Writing message: {"Type":"Ping","Payload":{}}
[07/21/14 16:53:50] [DEBG] [ctl:40897de1] Reading message with length: 28
[07/21/14 16:53:50] [DEBG] [ctl:40897de1] Read message {"Type":"Pong","Payload":{}}
[07/21/14 16:53:50] [DEBG] [ctl:40897de1] Waiting to read message
[07/21/14 16:54:10] [DEBG] [ctl:40897de1] Writing message: {"Type":"Ping","Payload":{}}
[07/21/14 16:54:10] [DEBG] [ctl:40897de1] Reading message with length: 28
[07/21/14 16:54:10] [DEBG] [ctl:40897de1] Read message {"Type":"Pong","Payload":{}}
[07/21/14 16:54:10] [DEBG] [ctl:40897de1] Waiting to read message
[07/21/14 16:54:30] [DEBG] [ctl:40897de1] Writing message: {"Type":"Ping","Payload":{}}
[07/21/14 16:54:30] [DEBG] [ctl:40897de1] Reading message with length: 28
[07/21/14 16:54:30] [DEBG] [ctl:40897de1] Read message {"Type":"Pong","Payload":{}}
[07/21/14 16:54:30] [DEBG] [ctl:40897de1] Waiting to read message
[07/21/14 16:54:50] [DEBG] [ctl:40897de1] Writing message: {"Type":"Ping","Payload":{}}
[07/21/14 16:54:50] [DEBG] [ctl:40897de1] Reading message with length: 28
[07/21/14 16:54:50] [DEBG] [ctl:40897de1] Read message {"Type":"Pong","Payload":{}}
[07/21/14 16:54:50] [DEBG] [ctl:40897de1] Waiting to read message
[07/21/14 16:55:10] [DEBG] [ctl:40897de1] Writing message: {"Type":"Ping","Payload":{}}
[07/21/14 16:55:10] [DEBG] [ctl:40897de1] Reading message with length: 28
[07/21/14 16:55:10] [DEBG] [ctl:40897de1] Read message {"Type":"Pong","Payload":{}}
[07/21/14 16:55:10] [DEBG] [ctl:40897de1] Waiting to read message
[07/21/14 16:55:30] [DEBG] [ctl:40897de1] Writing message: {"Type":"Ping","Payload":{}}
[07/21/14 16:55:30] [DEBG] [ctl:40897de1] Reading message with length: 28
[07/21/14 16:55:30] [DEBG] [ctl:40897de1] Read message {"Type":"Pong","Payload":{}}
[07/21/14 16:55:30] [DEBG] [ctl:40897de1] Waiting to read message
[07/21/14 16:55:50] [DEBG] [ctl:40897de1] Writing message: {"Type":"Ping","Payload":{}}
[07/21/14 16:55:50] [DEBG] [ctl:40897de1] Reading message with length: 28
[07/21/14 16:55:50] [DEBG] [ctl:40897de1] Read message {"Type":"Pong","Payload":{}}
[07/21/14 16:55:50] [DEBG] [ctl:40897de1] Waiting to read message
[07/21/14 16:56:10] [DEBG] [ctl:40897de1] Writing message: {"Type":"Ping","Payload":{}}
[07/21/14 16:56:10] [DEBG] [ctl:40897de1] Reading message with length: 28
[07/21/14 16:56:10] [DEBG] [ctl:40897de1] Read message {"Type":"Pong","Payload":{}}
[07/21/14 16:56:10] [DEBG] [ctl:40897de1] Waiting to read message
[07/21/14 16:56:30] [DEBG] [ctl:40897de1] Writing message: {"Type":"Ping","Payload":{}}
[07/21/14 16:56:30] [DEBG] [ctl:40897de1] Reading message with length: 28
[07/21/14 16:56:30] [DEBG] [ctl:40897de1] Read message {"Type":"Pong","Payload":{}}
[07/21/14 16:56:30] [DEBG] [ctl:40897de1] Waiting to read message
[07/21/14 16:56:50] [DEBG] [ctl:40897de1] Writing message: {"Type":"Ping","Payload":{}}
[07/21/14 16:56:50] [DEBG] [ctl:40897de1] Reading message with length: 28
[07/21/14 16:56:50] [DEBG] [ctl:40897de1] Read message {"Type":"Pong","Payload":{}}
[07/21/14 16:56:50] [DEBG] [ctl:40897de1] Waiting to read message
[07/21/14 16:57:10] [DEBG] [ctl:40897de1] Writing message: {"Type":"Ping","Payload":{}}
[07/21/14 16:57:10] [DEBG] [ctl:40897de1] Reading message with length: 28
[07/21/14 16:57:10] [DEBG] [ctl:40897de1] Read message {"Type":"Pong","Payload":{}}
[07/21/14 16:57:10] [DEBG] [ctl:40897de1] Waiting to read message
[07/21/14 16:57:30] [DEBG] [ctl:40897de1] Writing message: {"Type":"Ping","Payload":{}}
[07/21/14 16:57:30] [DEBG] [ctl:40897de1] Reading message with length: 28
[07/21/14 16:57:30] [DEBG] [ctl:40897de1] Read message {"Type":"Pong","Payload":{}}
[07/21/14 16:57:30] [DEBG] [ctl:40897de1] Waiting to read message
[07/21/14 16:57:50] [DEBG] [ctl:40897de1] Writing message: {"Type":"Ping","Payload":{}}
[07/21/14 16:57:50] [DEBG] [ctl:40897de1] Reading message with length: 28
[07/21/14 16:57:50] [DEBG] [ctl:40897de1] Read message {"Type":"Pong","Payload":{}}
[07/21/14 16:57:50] [DEBG] [ctl:40897de1] Waiting to read message
[07/21/14 16:58:10] [DEBG] [ctl:40897de1] Writing message: {"Type":"Ping","Payload":{}}
[07/21/14 16:58:10] [DEBG] [ctl:40897de1] Reading message with length: 28
[07/21/14 16:58:10] [DEBG] [ctl:40897de1] Read message {"Type":"Pong","Payload":{}}
[07/21/14 16:58:10] [DEBG] [ctl:40897de1] Waiting to read message
[07/21/14 16:58:30] [DEBG] [ctl:40897de1] Writing message: {"Type":"Ping","Payload":{}}
[07/21/14 16:58:30] [DEBG] [ctl:40897de1] Reading message with length: 28
[07/21/14 16:58:30] [DEBG] [ctl:40897de1] Read message {"Type":"Pong","Payload":{}}
[07/21/14 16:58:30] [DEBG] [ctl:40897de1] Waiting to read message
[07/21/14 16:58:50] [DEBG] [ctl:40897de1] Writing message: {"Type":"Ping","Payload":{}}
[07/21/14 16:58:50] [DEBG] [ctl:40897de1] Reading message with length: 28
[07/21/14 16:58:50] [DEBG] [ctl:40897de1] Read message {"Type":"Pong","Payload":{}}
[07/21/14 16:58:50] [DEBG] [ctl:40897de1] Waiting to read message
[07/21/14 16:59:10] [DEBG] [ctl:40897de1] Writing message: {"Type":"Ping","Payload":{}}
[07/21/14 16:59:10] [DEBG] [ctl:40897de1] Reading message with length: 28
[07/21/14 16:59:10] [DEBG] [ctl:40897de1] Read message {"Type":"Pong","Payload":{}}
[07/21/14 16:59:10] [DEBG] [ctl:40897de1] Waiting to read message
[07/21/14 16:59:30] [DEBG] [ctl:40897de1] Writing message: {"Type":"Ping","Payload":{}}
[07/21/14 16:59:30] [DEBG] [ctl:40897de1] Reading message with length: 28
[07/21/14 16:59:30] [DEBG] [ctl:40897de1] Read message {"Type":"Pong","Payload":{}}
[07/21/14 16:59:30] [DEBG] [ctl:40897de1] Waiting to read message
[07/21/14 16:59:50] [DEBG] [ctl:40897de1] Writing message: {"Type":"Ping","Payload":{}}
[07/21/14 16:59:50] [DEBG] [ctl:40897de1] Reading message with length: 28
[07/21/14 16:59:50] [DEBG] [ctl:40897de1] Read message {"Type":"Pong","Payload":{}}
[07/21/14 16:59:50] [DEBG] [ctl:40897de1] Waiting to read message
[07/21/14 17:00:10] [DEBG] [ctl:40897de1] Writing message: {"Type":"Ping","Payload":{}}
[07/21/14 17:00:10] [DEBG] [ctl:40897de1] Reading message with length: 28
[07/21/14 17:00:10] [DEBG] [ctl:40897de1] Read message {"Type":"Pong","Payload":{}}
[07/21/14 17:00:10] [DEBG] [ctl:40897de1] Waiting to read message
[07/21/14 17:00:30] [DEBG] [ctl:40897de1] Writing message: {"Type":"Ping","Payload":{}}
[07/21/14 17:00:30] [DEBG] [ctl:40897de1] Reading message with length: 28
[07/21/14 17:00:30] [DEBG] [ctl:40897de1] Read message {"Type":"Pong","Payload":{}}
[07/21/14 17:00:30] [DEBG] [ctl:40897de1] Waiting to read message
[07/21/14 17:00:50] [DEBG] [ctl:40897de1] Writing message: {"Type":"Ping","Payload":{}}
[07/21/14 17:00:50] [DEBG] [ctl:40897de1] Reading message with length: 28
[07/21/14 17:00:50] [DEBG] [ctl:40897de1] Read message {"Type":"Pong","Payload":{}}
[07/21/14 17:00:50] [DEBG] [ctl:40897de1] Waiting to read message
[07/21/14 17:01:10] [DEBG] [ctl:40897de1] Writing message: {"Type":"Ping","Payload":{}}
[07/21/14 17:01:10] [DEBG] [ctl:40897de1] Reading message with length: 28
[07/21/14 17:01:10] [DEBG] [ctl:40897de1] Read message {"Type":"Pong","Payload":{}}
[07/21/14 17:01:10] [DEBG] [ctl:40897de1] Waiting to read message
[07/21/14 17:01:30] [DEBG] [ctl:40897de1] Writing message: {"Type":"Ping","Payload":{}}
[07/21/14 17:01:30] [DEBG] [ctl:40897de1] Reading message with length: 28
[07/21/14 17:01:30] [DEBG] [ctl:40897de1] Read message {"Type":"Pong","Payload":{}}
[07/21/14 17:01:30] [DEBG] [ctl:40897de1] Waiting to read message
[07/21/14 17:01:50] [DEBG] [ctl:40897de1] Writing message: {"Type":"Ping","Payload":{}}
[07/21/14 17:01:50] [DEBG] [ctl:40897de1] Reading message with length: 28
[07/21/14 17:01:50] [DEBG] [ctl:40897de1] Read message {"Type":"Pong","Payload":{}}
[07/21/14 17:01:50] [DEBG] [ctl:40897de1] Waiting to read message
[07/21/14 17:02:10] [DEBG] [ctl:40897de1] Writing message: {"Type":"Ping","Payload":{}}
[07/21/14 17:02:10] [DEBG] [ctl:40897de1] Reading message with length: 28
[07/21/14 17:02:10] [DEBG] [ctl:40897de1] Read message {"Type":"Pong","Payload":{}}
[07/21/14 17:02:10] [DEBG] [ctl:40897de1] Waiting to read message
[07/21/14 17:02:30] [DEBG] [ctl:40897de1] Writing message: {"Type":"Ping","Payload":{}}
[07/21/14 17:02:30] [DEBG] [ctl:40897de1] Reading message with length: 28
[07/21/14 17:02:30] [DEBG] [ctl:40897de1] Read message {"Type":"Pong","Payload":{}}
[07/21/14 17:02:30] [DEBG] [ctl:40897de1] Waiting to read message
[07/21/14 17:02:50] [DEBG] [ctl:40897de1] Writing message: {"Type":"Ping","Payload":{}}
[07/21/14 17:02:50] [DEBG] [ctl:40897de1] Reading message with length: 28
[07/21/14 17:02:50] [DEBG] [ctl:40897de1] Read message {"Type":"Pong","Payload":{}}
[07/21/14 17:02:50] [DEBG] [ctl:40897de1] Waiting to read message
[07/21/14 17:03:10] [DEBG] [ctl:40897de1] Writing message: {"Type":"Ping","Payload":{}}
[07/21/14 17:03:10] [DEBG] [ctl:40897de1] Reading message with length: 28
[07/21/14 17:03:10] [DEBG] [ctl:40897de1] Read message {"Type":"Pong","Payload":{}}
[07/21/14 17:03:10] [DEBG] [ctl:40897de1] Waiting to read message
[07/21/14 17:03:30] [DEBG] [ctl:40897de1] Writing message: {"Type":"Ping","Payload":{}}
[07/21/14 17:03:30] [DEBG] [ctl:40897de1] Reading message with length: 28
[07/21/14 17:03:30] [DEBG] [ctl:40897de1] Read message {"Type":"Pong","Payload":{}}
[07/21/14 17:03:30] [DEBG] [ctl:40897de1] Waiting to read message
[07/21/14 17:03:50] [DEBG] [ctl:40897de1] Writing message: {"Type":"Ping","Payload":{}}
[07/21/14 17:03:50] [DEBG] [ctl:40897de1] Reading message with length: 28
[07/21/14 17:03:50] [DEBG] [ctl:40897de1] Read message {"Type":"Pong","Payload":{}}
[07/21/14 17:03:50] [DEBG] [ctl:40897de1] Waiting to read message
[07/21/14 17:04:10] [DEBG] [ctl:40897de1] Writing message: {"Type":"Ping","Payload":{}}
[07/21/14 17:04:10] [DEBG] [ctl:40897de1] Reading message with length: 28
[07/21/14 17:04:10] [DEBG] [ctl:40897de1] Read message {"Type":"Pong","Payload":{}}
[07/21/14 17:04:10] [DEBG] [ctl:40897de1] Waiting to read message
[07/21/14 17:04:30] [DEBG] [ctl:40897de1] Writing message: {"Type":"Ping","Payload":{}}
[07/21/14 17:04:30] [DEBG] [ctl:40897de1] Reading message with length: 28
[07/21/14 17:04:30] [DEBG] [ctl:40897de1] Read message {"Type":"Pong","Payload":{}}
[07/21/14 17:04:30] [DEBG] [ctl:40897de1] Waiting to read message
[07/21/14 17:04:50] [DEBG] [ctl:40897de1] Writing message: {"Type":"Ping","Payload":{}}
[07/21/14 17:04:50] [DEBG] [ctl:40897de1] Reading message with length: 28
[07/21/14 17:04:50] [DEBG] [ctl:40897de1] Read message {"Type":"Pong","Payload":{}}
[07/21/14 17:04:50] [DEBG] [ctl:40897de1] Waiting to read message
[07/21/14 17:05:10] [DEBG] [ctl:40897de1] Writing message: {"Type":"Ping","Payload":{}}
[07/21/14 17:05:10] [DEBG] [ctl:40897de1] Reading message with length: 28
[07/21/14 17:05:10] [DEBG] [ctl:40897de1] Read message {"Type":"Pong","Payload":{}}
[07/21/14 17:05:10] [DEBG] [ctl:40897de1] Waiting to read message
[07/21/14 17:05:30] [DEBG] [ctl:40897de1] Writing message: {"Type":"Ping","Payload":{}}
[07/21/14 17:05:30] [DEBG] [ctl:40897de1] Reading message with length: 28
[07/21/14 17:05:30] [DEBG] [ctl:40897de1] Read message {"Type":"Pong","Payload":{}}
[07/21/14 17:05:30] [DEBG] [ctl:40897de1] Waiting to read message
[07/21/14 17:05:50] [DEBG] [ctl:40897de1] Writing message: {"Type":"Ping","Payload":{}}
[07/21/14 17:05:50] [DEBG] [ctl:40897de1] Reading message with length: 28
[07/21/14 17:05:50] [DEBG] [ctl:40897de1] Read message {"Type":"Pong","Payload":{}}
[07/21/14 17:05:50] [DEBG] [ctl:40897de1] Waiting to read message
[07/21/14 17:06:10] [DEBG] [ctl:40897de1] Writing message: {"Type":"Ping","Payload":{}}
[07/21/14 17:06:10] [DEBG] [ctl:40897de1] Reading message with length: 28
[07/21/14 17:06:10] [DEBG] [ctl:40897de1] Read message {"Type":"Pong","Payload":{}}
[07/21/14 17:06:10] [DEBG] [ctl:40897de1] Waiting to read message
[07/21/14 17:06:30] [DEBG] [ctl:40897de1] Writing message: {"Type":"Ping","Payload":{}}
[07/21/14 17:06:30] [DEBG] [ctl:40897de1] Reading message with length: 28
[07/21/14 17:06:30] [DEBG] [ctl:40897de1] Read message {"Type":"Pong","Payload":{}}
[07/21/14 17:06:30] [DEBG] [ctl:40897de1] Waiting to read message
[07/21/14 17:06:50] [DEBG] [ctl:40897de1] Writing message: {"Type":"Ping","Payload":{}}
[07/21/14 17:06:50] [DEBG] [ctl:40897de1] Reading message with length: 28
[07/21/14 17:06:50] [DEBG] [ctl:40897de1] Read message {"Type":"Pong","Payload":{}}
[07/21/14 17:06:50] [DEBG] [ctl:40897de1] Waiting to read message
[07/21/14 17:07:10] [DEBG] [ctl:40897de1] Writing message: {"Type":"Ping","Payload":{}}
[07/21/14 17:07:10] [DEBG] [ctl:40897de1] Reading message with length: 28
[07/21/14 17:07:10] [DEBG] [ctl:40897de1] Read message {"Type":"Pong","Payload":{}}
[07/21/14 17:07:10] [DEBG] [ctl:40897de1] Waiting to read message
[07/21/14 17:07:30] [DEBG] [ctl:40897de1] Writing message: {"Type":"Ping","Payload":{}}
[07/21/14 17:07:30] [DEBG] [ctl:40897de1] Reading message with length: 28
[07/21/14 17:07:30] [DEBG] [ctl:40897de1] Read message {"Type":"Pong","Payload":{}}
[07/21/14 17:07:30] [DEBG] [ctl:40897de1] Waiting to read message
[07/21/14 17:07:50] [DEBG] [ctl:40897de1] Writing message: {"Type":"Ping","Payload":{}}
[07/21/14 17:07:50] [DEBG] [ctl:40897de1] Reading message with length: 28
[07/21/14 17:07:50] [DEBG] [ctl:40897de1] Read message {"Type":"Pong","Payload":{}}
[07/21/14 17:07:50] [DEBG] [ctl:40897de1] Waiting to read message
[07/21/14 17:08:10] [DEBG] [ctl:40897de1] Writing message: {"Type":"Ping","Payload":{}}
[07/21/14 17:08:10] [DEBG] [ctl:40897de1] Reading message with length: 28
[07/21/14 17:08:10] [DEBG] [ctl:40897de1] Read message {"Type":"Pong","Payload":{}}
[07/21/14 17:08:10] [DEBG] [ctl:40897de1] Waiting to read message
[07/21/14 17:08:30] [DEBG] [ctl:40897de1] Writing message: {"Type":"Ping","Payload":{}}
[07/21/14 17:08:30] [DEBG] [ctl:40897de1] Reading message with length: 28
[07/21/14 17:08:30] [DEBG] [ctl:40897de1] Read message {"Type":"Pong","Payload":{}}
[07/21/14 17:08:30] [DEBG] [ctl:40897de1] Waiting to read message
[07/21/14 17:08:50] [DEBG] [ctl:40897de1] Writing message: {"Type":"Ping","Payload":{}}
[07/21/14 17:08:50] [DEBG] [ctl:40897de1] Reading message with length: 28
[07/21/14 17:08:50] [DEBG] [ctl:40897de1] Read message {"Type":"Pong","Payload":{}}
[07/21/14 17:08:50] [DEBG] [ctl:40897de1] Waiting to read message
[07/21/14 17:09:10] [DEBG] [ctl:40897de1] Writing message: {"Type":"Ping","Payload":{}}
[07/21/14 17:09:10] [DEBG] [ctl:40897de1] Reading message with length: 28
[07/21/14 17:09:10] [DEBG] [ctl:40897de1] Read message {"Type":"Pong","Payload":{}}
[07/21/14 17:09:10] [DEBG] [ctl:40897de1] Waiting to read message
[07/21/14 17:09:30] [DEBG] [ctl:40897de1] Writing message: {"Type":"Ping","Payload":{}}
[07/21/14 17:09:30] [DEBG] [ctl:40897de1] Reading message with length: 28
[07/21/14 17:09:30] [DEBG] [ctl:40897de1] Read message {"Type":"Pong","Payload":{}}
[07/21/14 17:09:30] [DEBG] [ctl:40897de1] Waiting to read message
[07/21/14 17:09:50] [DEBG] [ctl:40897de1] Writing message: {"Type":"Ping","Payload":{}}
[07/21/14 17:09:50] [DEBG] [ctl:40897de1] Reading message with length: 28
[07/21/14 17:09:50] [DEBG] [ctl:40897de1] Read message {"Type":"Pong","Payload":{}}
[07/21/14 17:09:50] [DEBG] [ctl:40897de1] Waiting to read message
[07/21/14 17:10:10] [DEBG] [ctl:40897de1] Writing message: {"Type":"Ping","Payload":{}}
[07/21/14 17:10:10] [DEBG] [ctl:40897de1] Reading message with length: 28
[07/21/14 17:10:10] [DEBG] [ctl:40897de1] Read message {"Type":"Pong","Payload":{}}
[07/21/14 17:10:10] [DEBG] [ctl:40897de1] Waiting to read message
[07/21/14 17:10:30] [DEBG] [ctl:40897de1] Writing message: {"Type":"Ping","Payload":{}}
[07/21/14 17:10:30] [DEBG] [ctl:40897de1] Reading message with length: 28
[07/21/14 17:10:30] [DEBG] [ctl:40897de1] Read message {"Type":"Pong","Payload":{}}
[07/21/14 17:10:30] [DEBG] [ctl:40897de1] Waiting to read message
[07/21/14 17:10:50] [DEBG] [ctl:40897de1] Writing message: {"Type":"Ping","Payload":{}}
[07/21/14 17:10:50] [DEBG] [ctl:40897de1] Reading message with length: 28
[07/21/14 17:10:50] [DEBG] [ctl:40897de1] Read message {"Type":"Pong","Payload":{}}
[07/21/14 17:10:50] [DEBG] [ctl:40897de1] Waiting to read message
[07/21/14 17:11:10] [DEBG] [ctl:40897de1] Writing message: {"Type":"Ping","Payload":{}}
[07/21/14 17:11:10] [DEBG] [ctl:40897de1] Reading message with length: 28
[07/21/14 17:11:10] [DEBG] [ctl:40897de1] Read message {"Type":"Pong","Payload":{}}
[07/21/14 17:11:10] [DEBG] [ctl:40897de1] Waiting to read message
[07/21/14 17:11:30] [DEBG] [ctl:40897de1] Writing message: {"Type":"Ping","Payload":{}}
[07/21/14 17:11:30] [DEBG] [ctl:40897de1] Reading message with length: 28
[07/21/14 17:11:30] [DEBG] [ctl:40897de1] Read message {"Type":"Pong","Payload":{}}
[07/21/14 17:11:30] [DEBG] [ctl:40897de1] Waiting to read message
[07/21/14 17:11:50] [DEBG] [ctl:40897de1] Writing message: {"Type":"Ping","Payload":{}}
[07/21/14 17:11:50] [DEBG] [ctl:40897de1] Reading message with length: 28
[07/21/14 17:11:50] [DEBG] [ctl:40897de1] Read message {"Type":"Pong","Payload":{}}
[07/21/14 17:11:50] [DEBG] [ctl:40897de1] Waiting to read message
[07/21/14 17:12:10] [DEBG] [ctl:40897de1] Writing message: {"Type":"Ping","Payload":{}}
[07/21/14 17:12:10] [DEBG] [ctl:40897de1] Reading message with length: 28
[07/21/14 17:12:10] [DEBG] [ctl:40897de1] Read message {"Type":"Pong","Payload":{}}
[07/21/14 17:12:10] [DEBG] [ctl:40897de1] Waiting to read message
[07/21/14 17:12:30] [DEBG] [ctl:40897de1] Writing message: {"Type":"Ping","Payload":{}}
[07/21/14 17:12:30] [DEBG] [ctl:40897de1] Reading message with length: 28
[07/21/14 17:12:30] [DEBG] [ctl:40897de1] Read message {"Type":"Pong","Payload":{}}
[07/21/14 17:12:30] [DEBG] [ctl:40897de1] Waiting to read message
[07/21/14 17:12:50] [DEBG] [ctl:40897de1] Writing message: {"Type":"Ping","Payload":{}}
[07/21/14 17:12:50] [DEBG] [ctl:40897de1] Reading message with length: 28
[07/21/14 17:12:50] [DEBG] [ctl:40897de1] Read message {"Type":"Pong","Payload":{}}
[07/21/14 17:12:50] [DEBG] [ctl:40897de1] Waiting to read message
[07/21/14 17:13:10] [DEBG] [ctl:40897de1] Writing message: {"Type":"Ping","Payload":{}}
[07/21/14 17:13:10] [DEBG] [ctl:40897de1] Reading message with length: 28
[07/21/14 17:13:10] [DEBG] [ctl:40897de1] Read message {"Type":"Pong","Payload":{}}
[07/21/14 17:13:10] [DEBG] [ctl:40897de1] Waiting to read message
[07/21/14 17:13:30] [DEBG] [ctl:40897de1] Writing message: {"Type":"Ping","Payload":{}}
[07/21/14 17:13:30] [DEBG] [ctl:40897de1] Reading message with length: 28
[07/21/14 17:13:30] [DEBG] [ctl:40897de1] Read message {"Type":"Pong","Payload":{}}
[07/21/14 17:13:30] [DEBG] [ctl:40897de1] Waiting to read message
[07/21/14 17:13:50] [DEBG] [ctl:40897de1] Writing message: {"Type":"Ping","Payload":{}}
[07/21/14 17:13:50] [DEBG] [ctl:40897de1] Reading message with length: 28
[07/21/14 17:13:50] [DEBG] [ctl:40897de1] Read message {"Type":"Pong","Payload":{}}
[07/21/14 17:13:50] [DEBG] [ctl:40897de1] Waiting to read message
[07/21/14 17:14:10] [DEBG] [ctl:40897de1] Writing message: {"Type":"Ping","Payload":{}}
[07/21/14 17:14:10] [DEBG] [ctl:40897de1] Reading message with length: 28
[07/21/14 17:14:10] [DEBG] [ctl:40897de1] Read message {"Type":"Pong","Payload":{}}
[07/21/14 17:14:10] [DEBG] [ctl:40897de1] Waiting to read message
[07/21/14 17:14:30] [DEBG] [ctl:40897de1] Writing message: {"Type":"Ping","Payload":{}}
[07/21/14 17:14:30] [DEBG] [ctl:40897de1] Reading message with length: 28
[07/21/14 17:14:30] [DEBG] [ctl:40897de1] Read message {"Type":"Pong","Payload":{}}
[07/21/14 17:14:30] [DEBG] [ctl:40897de1] Waiting to read message
[07/21/14 17:14:50] [DEBG] [ctl:40897de1] Writing message: {"Type":"Ping","Payload":{}}
[07/21/14 17:14:50] [DEBG] [ctl:40897de1] Reading message with length: 28
[07/21/14 17:14:50] [DEBG] [ctl:40897de1] Read message {"Type":"Pong","Payload":{}}
[07/21/14 17:14:50] [DEBG] [ctl:40897de1] Waiting to read message
[07/21/14 17:15:10] [DEBG] [ctl:40897de1] Writing message: {"Type":"Ping","Payload":{}}
[07/21/14 17:15:10] [DEBG] [ctl:40897de1] Reading message with length: 28
[07/21/14 17:15:10] [DEBG] [ctl:40897de1] Read message {"Type":"Pong","Payload":{}}
[07/21/14 17:15:10] [DEBG] [ctl:40897de1] Waiting to read message
[07/21/14 17:15:30] [DEBG] [ctl:40897de1] Writing message: {"Type":"Ping","Payload":{}}
[07/21/14 17:15:30] [DEBG] [ctl:40897de1] Reading message with length: 28
[07/21/14 17:15:30] [DEBG] [ctl:40897de1] Read message {"Type":"Pong","Payload":{}}
[07/21/14 17:15:30] [DEBG] [ctl:40897de1] Waiting to read message
[07/21/14 17:15:50] [DEBG] [ctl:40897de1] Writing message: {"Type":"Ping","Payload":{}}
[07/21/14 17:15:50] [DEBG] [ctl:40897de1] Reading message with length: 28
[07/21/14 17:15:50] [DEBG] [ctl:40897de1] Read message {"Type":"Pong","Payload":{}}
[07/21/14 17:15:50] [DEBG] [ctl:40897de1] Waiting to read message
[07/21/14 17:16:10] [DEBG] [ctl:40897de1] Writing message: {"Type":"Ping","Payload":{}}
[07/21/14 17:16:10] [DEBG] [ctl:40897de1] Reading message with length: 28
[07/21/14 17:16:10] [DEBG] [ctl:40897de1] Read message {"Type":"Pong","Payload":{}}
[07/21/14 17:16:10] [DEBG] [ctl:40897de1] Waiting to read message
[07/21/14 17:16:30] [DEBG] [ctl:40897de1] Writing message: {"Type":"Ping","Payload":{}}
[07/21/14 17:16:30] [DEBG] [ctl:40897de1] Reading message with length: 28
[07/21/14 17:16:30] [DEBG] [ctl:40897de1] Read message {"Type":"Pong","Payload":{}}
[07/21/14 17:16:30] [DEBG] [ctl:40897de1] Waiting to read message
[07/21/14 17:16:50] [DEBG] [ctl:40897de1] Writing message: {"Type":"Ping","Payload":{}}
[07/21/14 17:16:50] [DEBG] [ctl:40897de1] Reading message with length: 28
[07/21/14 17:16:50] [DEBG] [ctl:40897de1] Read message {"Type":"Pong","Payload":{}}
[07/21/14 17:16:50] [DEBG] [ctl:40897de1] Waiting to read message
[07/21/14 17:17:10] [DEBG] [ctl:40897de1] Writing message: {"Type":"Ping","Payload":{}}
[07/21/14 17:17:10] [DEBG] [ctl:40897de1] Reading message with length: 28
[07/21/14 17:17:10] [DEBG] [ctl:40897de1] Read message {"Type":"Pong","Payload":{}}
[07/21/14 17:17:10] [DEBG] [ctl:40897de1] Waiting to read message
[07/21/14 17:17:30] [DEBG] [ctl:40897de1] Writing message: {"Type":"Ping","Payload":{}}
[07/21/14 17:17:30] [DEBG] [ctl:40897de1] Reading message with length: 28
[07/21/14 17:17:30] [DEBG] [ctl:40897de1] Read message {"Type":"Pong","Payload":{}}
[07/21/14 17:17:30] [DEBG] [ctl:40897de1] Waiting to read message
[07/21/14 17:17:50] [DEBG] [ctl:40897de1] Writing message: {"Type":"Ping","Payload":{}}
[07/21/14 17:17:50] [DEBG] [ctl:40897de1] Reading message with length: 28
[07/21/14 17:17:50] [DEBG] [ctl:40897de1] Read message {"Type":"Pong","Payload":{}}
[07/21/14 17:17:50] [DEBG] [ctl:40897de1] Waiting to read message
[07/21/14 17:18:10] [DEBG] [ctl:40897de1] Writing message: {"Type":"Ping","Payload":{}}
[07/21/14 17:18:10] [DEBG] [ctl:40897de1] Reading message with length: 28
[07/21/14 17:18:10] [DEBG] [ctl:40897de1] Read message {"Type":"Pong","Payload":{}}
[07/21/14 17:18:10] [DEBG] [ctl:40897de1] Waiting to read message
[07/21/14 17:18:30] [DEBG] [ctl:40897de1] Writing message: {"Type":"Ping","Payload":{}}
[07/21/14 17:18:30] [DEBG] [ctl:40897de1] Reading message with length: 28
[07/21/14 17:18:30] [DEBG] [ctl:40897de1] Read message {"Type":"Pong","Payload":{}}
[07/21/14 17:18:30] [DEBG] [ctl:40897de1] Waiting to read message
[07/21/14 17:18:50] [DEBG] [ctl:40897de1] Writing message: {"Type":"Ping","Payload":{}}
[07/21/14 17:18:50] [DEBG] [ctl:40897de1] Reading message with length: 28
[07/21/14 17:18:50] [DEBG] [ctl:40897de1] Read message {"Type":"Pong","Payload":{}}
[07/21/14 17:18:50] [DEBG] [ctl:40897de1] Waiting to read message
[07/21/14 17:19:10] [DEBG] [ctl:40897de1] Writing message: {"Type":"Ping","Payload":{}}
[07/21/14 17:19:10] [DEBG] [ctl:40897de1] Reading message with length: 28
[07/21/14 17:19:10] [DEBG] [ctl:40897de1] Read message {"Type":"Pong","Payload":{}}
[07/21/14 17:19:10] [DEBG] [ctl:40897de1] Waiting to read message
[07/21/14 17:19:30] [DEBG] [ctl:40897de1] Writing message: {"Type":"Ping","Payload":{}}
[07/21/14 17:19:30] [DEBG] [ctl:40897de1] Reading message with length: 28
[07/21/14 17:19:30] [DEBG] [ctl:40897de1] Read message {"Type":"Pong","Payload":{}}
[07/21/14 17:19:30] [DEBG] [ctl:40897de1] Waiting to read message
[07/21/14 17:19:50] [DEBG] [ctl:40897de1] Writing message: {"Type":"Ping","Payload":{}}
[07/21/14 17:19:50] [DEBG] [ctl:40897de1] Reading message with length: 28
[07/21/14 17:19:50] [DEBG] [ctl:40897de1] Read message {"Type":"Pong","Payload":{}}
[07/21/14 17:19:50] [DEBG] [ctl:40897de1] Waiting to read message
[07/21/14 17:20:10] [DEBG] [ctl:40897de1] Writing message: {"Type":"Ping","Payload":{}}
[07/21/14 17:20:10] [DEBG] [ctl:40897de1] Reading message with length: 28
[07/21/14 17:20:10] [DEBG] [ctl:40897de1] Read message {"Type":"Pong","Payload":{}}
[07/21/14 17:20:10] [DEBG] [ctl:40897de1] Waiting to read message
[07/21/14 17:20:30] [DEBG] [ctl:40897de1] Writing message: {"Type":"Ping","Payload":{}}
[07/21/14 17:20:30] [DEBG] [ctl:40897de1] Reading message with length: 28
[07/21/14 17:20:30] [DEBG] [ctl:40897de1] Read message {"Type":"Pong","Payload":{}}
[07/21/14 17:20:30] [DEBG] [ctl:40897de1] Waiting to read message
[07/21/14 17:20:50] [DEBG] [ctl:40897de1] Writing message: {"Type":"Ping","Payload":{}}
[07/21/14 17:20:50] [DEBG] [ctl:40897de1] Reading message with length: 28
[07/21/14 17:20:50] [DEBG] [ctl:40897de1] Read message {"Type":"Pong","Payload":{}}
[07/21/14 17:20:50] [DEBG] [ctl:40897de1] Waiting to read message
[07/21/14 17:21:10] [DEBG] [ctl:40897de1] Writing message: {"Type":"Ping","Payload":{}}
[07/21/14 17:21:10] [DEBG] [ctl:40897de1] Reading message with length: 28
[07/21/14 17:21:10] [DEBG] [ctl:40897de1] Read message {"Type":"Pong","Payload":{}}
[07/21/14 17:21:10] [DEBG] [ctl:40897de1] Waiting to read message
[07/21/14 17:21:30] [DEBG] [ctl:40897de1] Writing message: {"Type":"Ping","Payload":{}}
[07/21/14 17:21:30] [DEBG] [ctl:40897de1] Reading message with length: 28
[07/21/14 17:21:30] [DEBG] [ctl:40897de1] Read message {"Type":"Pong","Payload":{}}
[07/21/14 17:21:30] [DEBG] [ctl:40897de1] Waiting to read message
[07/21/14 17:21:50] [DEBG] [ctl:40897de1] Writing message: {"Type":"Ping","Payload":{}}
[07/21/14 17:21:50] [DEBG] [ctl:40897de1] Reading message with length: 28
[07/21/14 17:21:50] [DEBG] [ctl:40897de1] Read message {"Type":"Pong","Payload":{}}
[07/21/14 17:21:50] [DEBG] [ctl:40897de1] Waiting to read message
[07/21/14 17:22:10] [DEBG] [ctl:40897de1] Writing message: {"Type":"Ping","Payload":{}}
[07/21/14 17:22:10] [DEBG] [ctl:40897de1] Reading message with length: 28
[07/21/14 17:22:10] [DEBG] [ctl:40897de1] Read message {"Type":"Pong","Payload":{}}
[07/21/14 17:22:10] [DEBG] [ctl:40897de1] Waiting to read message
[07/21/14 17:22:30] [DEBG] [ctl:40897de1] Writing message: {"Type":"Ping","Payload":{}}
[07/21/14 17:22:30] [DEBG] [ctl:40897de1] Reading message with length: 28
[07/21/14 17:22:30] [DEBG] [ctl:40897de1] Read message {"Type":"Pong","Payload":{}}
[07/21/14 17:22:30] [DEBG] [ctl:40897de1] Waiting to read message
[07/21/14 17:22:50] [DEBG] [ctl:40897de1] Writing message: {"Type":"Ping","Payload":{}}
[07/21/14 17:22:50] [DEBG] [ctl:40897de1] Reading message with length: 28
[07/21/14 17:22:50] [DEBG] [ctl:40897de1] Read message {"Type":"Pong","Payload":{}}
[07/21/14 17:22:50] [DEBG] [ctl:40897de1] Waiting to read message
[07/21/14 17:23:10] [DEBG] [ctl:40897de1] Writing message: {"Type":"Ping","Payload":{}}
[07/21/14 17:23:10] [DEBG] [ctl:40897de1] Reading message with length: 28
[07/21/14 17:23:10] [DEBG] [ctl:40897de1] Read message {"Type":"Pong","Payload":{}}
[07/21/14 17:23:10] [DEBG] [ctl:40897de1] Waiting to read message
[07/21/14 17:23:30] [DEBG] [ctl:40897de1] Writing message: {"Type":"Ping","Payload":{}}
[07/21/14 17:23:30] [DEBG] [ctl:40897de1] Reading message with length: 28
[07/21/14 17:23:30] [DEBG] [ctl:40897de1] Read message {"Type":"Pong","Payload":{}}
[07/21/14 17:23:30] [DEBG] [ctl:40897de1] Waiting to read message
